2026-03-02 21:27:45 [DEBUG  ] ami_watchdog: Checking TB Edge API...
2026-03-02 21:27:45 [DEBUG  ] ami_watchdog: Checking Docker containers...
2026-03-02 21:27:45 [DEBUG  ] ami_watchdog: Checking device connectivity...
2026-03-02 21:27:46 [DEBUG  ] ami_watchdog: Checking telemetry freshness...
2026-03-02 21:27:46 [DEBUG  ] ami_watchdog: Checking LwM2M registration...
2026-03-02 21:27:46 [INFO   ] ami_watchdog: ============================================================
2026-03-02 21:27:46 [INFO   ] ami_watchdog:   AMI Health Check — 2026-03-03 02:27:45 UTC
2026-03-02 21:27:46 [INFO   ] ami_watchdog:   Overall: ⚠ WARNING
2026-03-02 21:27:46 [INFO   ] ami_watchdog: ============================================================
2026-03-02 21:27:46 [INFO   ] ami_watchdog:   ⚠ edge_api......................  WARNING  TB Edge returned HTTP 404
2026-03-02 21:27:46 [INFO   ] ami_watchdog:   ✓ docker........................       OK  All containers healthy: tb-edge=Up 4 hours, tb-edge-postgres=Up 4 hours (healthy)
2026-03-02 21:27:46 [INFO   ] ami_watchdog:   ✓ device_connectivity...........       OK  Device online — active 0min ago
2026-03-02 21:27:46 [INFO   ] ami_watchdog:   ✓ telemetry.....................       OK  Telemetry fresh — voltage=122.40999999999998V (0.2min ago)
2026-03-02 21:27:46 [INFO   ] ami_watchdog:   ✓ lwm2m.........................       OK  LwM2M registered — Tesis-AMI / XIAO-ESP32-C6
2026-03-02 21:27:46 [INFO   ] ami_watchdog: ============================================================
2026-03-02 21:27:46 [DEBUG  ] ami_watchdog: Report saved: C:\Users\jsgir\Documents\ESP32\zephyrproject\ami-lwm2m-node\results\watchdog\reports\report_20260302_212746.json
2026-03-02 21:29:24 [DEBUG  ] ami_watchdog: Checking TB Edge API...
2026-03-02 21:29:24 [DEBUG  ] ami_watchdog: Checking Docker containers...
2026-03-02 21:29:24 [DEBUG  ] ami_watchdog: Checking device connectivity...
2026-03-02 21:29:25 [DEBUG  ] ami_watchdog: Checking telemetry freshness...
2026-03-02 21:29:25 [DEBUG  ] ami_watchdog: Checking LwM2M registration...
2026-03-02 21:29:25 [INFO   ] ami_watchdog: ============================================================
2026-03-02 21:29:25 [INFO   ] ami_watchdog:   AMI Health Check — 2026-03-03 02:29:24 UTC
2026-03-02 21:29:25 [INFO   ] ami_watchdog:   Overall: ✓ OK
2026-03-02 21:29:25 [INFO   ] ami_watchdog: ============================================================
2026-03-02 21:29:25 [INFO   ] ami_watchdog:   ✓ edge_api......................       OK  TB Edge API reachable and auth working
2026-03-02 21:29:25 [INFO   ] ami_watchdog:   ✓ docker........................       OK  All containers healthy: tb-edge=Up 4 hours, tb-edge-postgres=Up 4 hours (healthy)
2026-03-02 21:29:25 [INFO   ] ami_watchdog:   ✓ device_connectivity...........       OK  Device online — active 0min ago
2026-03-02 21:29:25 [INFO   ] ami_watchdog:   ✓ telemetry.....................       OK  Telemetry fresh — voltage=122.38999999999999V (0.1min ago)
2026-03-02 21:29:25 [INFO   ] ami_watchdog:   ✓ lwm2m.........................       OK  LwM2M registered — Tesis-AMI / XIAO-ESP32-C6
2026-03-02 21:29:25 [INFO   ] ami_watchdog: ============================================================
2026-03-02 21:29:25 [DEBUG  ] ami_watchdog: Report saved: C:\Users\jsgir\Documents\ESP32\zephyrproject\ami-lwm2m-node\results\watchdog\reports\report_20260302_212925.json
2026-03-02 21:40:42 [DEBUG  ] ami_watchdog: Checking TB Edge API...
2026-03-02 21:40:42 [DEBUG  ] ami_watchdog: Checking Docker containers...
2026-03-02 21:40:43 [DEBUG  ] ami_watchdog: Checking device connectivity...
2026-03-02 21:40:43 [DEBUG  ] ami_watchdog: Checking telemetry freshness...
2026-03-02 21:40:43 [DEBUG  ] ami_watchdog: Checking LwM2M registration...
2026-03-02 21:40:43 [INFO   ] ami_watchdog: ============================================================
2026-03-02 21:40:43 [INFO   ] ami_watchdog:   AMI Health Check — 2026-03-03 02:40:42 UTC
2026-03-02 21:40:43 [INFO   ] ami_watchdog:   Overall: ✓ OK
2026-03-02 21:40:43 [INFO   ] ami_watchdog: ============================================================
2026-03-02 21:40:43 [INFO   ] ami_watchdog:   ✓ edge_api......................       OK  TB Edge API reachable and auth working
2026-03-02 21:40:43 [INFO   ] ami_watchdog:   ✓ docker........................       OK  All containers healthy: tb-edge=Up 4 hours, tb-edge-postgres=Up 4 hours (healthy)
2026-03-02 21:40:43 [INFO   ] ami_watchdog:   ✓ device_connectivity...........       OK  Device online — active -0min ago
2026-03-02 21:40:43 [INFO   ] ami_watchdog:   ✓ telemetry.....................       OK  Telemetry fresh — voltage=122.72V (0.6min ago)
2026-03-02 21:40:43 [INFO   ] ami_watchdog:   ✓ lwm2m.........................       OK  LwM2M registered — Tesis-AMI / XIAO-ESP32-C6
2026-03-02 21:40:43 [INFO   ] ami_watchdog: ============================================================
2026-03-02 21:40:43 [DEBUG  ] ami_watchdog: Report saved: C:\Users\jsgir\Documents\ESP32\zephyrproject\ami-lwm2m-node\results\watchdog\reports\report_20260302_214043.json
2026-03-02 21:47:22 [DEBUG  ] ami_watchdog: Checking TB Edge API...
2026-03-02 21:47:22 [DEBUG  ] ami_watchdog: Checking Docker containers...
2026-03-02 21:47:22 [DEBUG  ] ami_watchdog: Checking device connectivity...
2026-03-02 21:47:22 [DEBUG  ] ami_watchdog: Checking telemetry freshness...
2026-03-02 21:47:22 [DEBUG  ] ami_watchdog: Checking LwM2M registration...
2026-03-02 21:47:23 [INFO   ] ami_watchdog: ============================================================
2026-03-02 21:47:23 [INFO   ] ami_watchdog:   AMI Health Check — 2026-03-03 02:47:22 UTC
2026-03-02 21:47:23 [INFO   ] ami_watchdog:   Overall: ✓ OK
2026-03-02 21:47:23 [INFO   ] ami_watchdog: ============================================================
2026-03-02 21:47:23 [INFO   ] ami_watchdog:   ✓ edge_api......................       OK  TB Edge API reachable and auth working
2026-03-02 21:47:23 [INFO   ] ami_watchdog:   ✓ docker........................       OK  All containers healthy: tb-edge=Up 4 hours, tb-edge-postgres=Up 4 hours (healthy)
2026-03-02 21:47:23 [INFO   ] ami_watchdog:   ✓ device_connectivity...........       OK  Device online — active 1min ago
2026-03-02 21:47:23 [INFO   ] ami_watchdog:   ✓ telemetry.....................       OK  Telemetry fresh — voltage=122.93V (2.5min ago)
2026-03-02 21:47:23 [INFO   ] ami_watchdog:   ✓ lwm2m.........................       OK  LwM2M registered — Tesis-AMI / XIAO-ESP32-C6
2026-03-02 21:47:23 [INFO   ] ami_watchdog: ============================================================
2026-03-02 21:47:23 [DEBUG  ] ami_watchdog: Report saved: C:\Users\jsgir\Documents\ESP32\zephyrproject\ami-lwm2m-node\results\watchdog\reports\report_20260302_214723.json
2026-03-02 21:55:32 [DEBUG  ] ami_watchdog: Checking TB Edge API...
2026-03-02 21:55:32 [DEBUG  ] ami_watchdog: Checking Docker containers...
2026-03-02 21:55:33 [DEBUG  ] ami_watchdog: Checking device connectivity...
2026-03-02 21:55:33 [DEBUG  ] ami_watchdog: Checking telemetry freshness...
2026-03-02 21:55:33 [DEBUG  ] ami_watchdog: Checking LwM2M registration...
2026-03-02 21:55:33 [INFO   ] ami_watchdog: ============================================================
2026-03-02 21:55:33 [INFO   ] ami_watchdog:   AMI Health Check — 2026-03-03 02:55:32 UTC
2026-03-02 21:55:33 [INFO   ] ami_watchdog:   Overall: ✓ OK
2026-03-02 21:55:33 [INFO   ] ami_watchdog: ============================================================
2026-03-02 21:55:33 [INFO   ] ami_watchdog:   ✓ edge_api......................       OK  TB Edge API reachable and auth working
2026-03-02 21:55:33 [INFO   ] ami_watchdog:   ✓ docker........................       OK  All containers healthy: tb-edge=Up 4 hours, tb-edge-postgres=Up 4 hours (healthy)
2026-03-02 21:55:33 [INFO   ] ami_watchdog:   ✓ device_connectivity...........       OK  Device online — active 0min ago
2026-03-02 21:55:33 [INFO   ] ami_watchdog:   ✓ telemetry.....................       OK  Telemetry fresh — voltage=122.67999999999999V (0.4min ago)
2026-03-02 21:55:33 [INFO   ] ami_watchdog:   ✓ lwm2m.........................       OK  LwM2M registered — Tesis-AMI / XIAO-ESP32-C6
2026-03-02 21:55:33 [INFO   ] ami_watchdog: ============================================================
2026-03-02 21:55:33 [DEBUG  ] ami_watchdog: Report saved: C:\Users\jsgir\Documents\ESP32\zephyrproject\ami-lwm2m-node\results\watchdog\reports\report_20260302_215533.json
2026-03-02 22:00:32 [DEBUG  ] ami_watchdog: Checking TB Edge API...
2026-03-02 22:00:32 [DEBUG  ] ami_watchdog: Checking Docker containers...
2026-03-02 22:00:33 [DEBUG  ] ami_watchdog: Checking device connectivity...
2026-03-02 22:00:33 [DEBUG  ] ami_watchdog: Checking telemetry freshness...
2026-03-02 22:00:33 [DEBUG  ] ami_watchdog: Checking LwM2M registration...
2026-03-02 22:00:33 [INFO   ] ami_watchdog: ============================================================
2026-03-02 22:00:33 [INFO   ] ami_watchdog:   AMI Health Check — 2026-03-03 03:00:32 UTC
2026-03-02 22:00:33 [INFO   ] ami_watchdog:   Overall: ✓ OK
2026-03-02 22:00:33 [INFO   ] ami_watchdog: ============================================================
2026-03-02 22:00:33 [INFO   ] ami_watchdog:   ✓ edge_api......................       OK  TB Edge API reachable and auth working
2026-03-02 22:00:33 [INFO   ] ami_watchdog:   ✓ docker........................       OK  All containers healthy: tb-edge=Up 5 hours, tb-edge-postgres=Up 5 hours (healthy)
2026-03-02 22:00:33 [INFO   ] ami_watchdog:   ✓ device_connectivity...........       OK  Device online — active 0min ago
2026-03-02 22:00:33 [INFO   ] ami_watchdog:   ✓ telemetry.....................       OK  Telemetry fresh — voltage=123.49000000000001V (0.1min ago)
2026-03-02 22:00:33 [INFO   ] ami_watchdog:   ✓ lwm2m.........................       OK  LwM2M registered — Tesis-AMI / XIAO-ESP32-C6
2026-03-02 22:00:33 [INFO   ] ami_watchdog: ============================================================
2026-03-02 22:00:33 [DEBUG  ] ami_watchdog: Report saved: C:\Users\jsgir\Documents\ESP32\zephyrproject\ami-lwm2m-node\results\watchdog\reports\report_20260302_220033.json
2026-03-02 22:05:32 [DEBUG  ] ami_watchdog: Checking TB Edge API...
2026-03-02 22:05:32 [DEBUG  ] ami_watchdog: Checking Docker containers...
2026-03-02 22:05:33 [DEBUG  ] ami_watchdog: Checking device connectivity...
2026-03-02 22:05:33 [DEBUG  ] ami_watchdog: Checking telemetry freshness...
2026-03-02 22:05:33 [DEBUG  ] ami_watchdog: Checking LwM2M registration...
2026-03-02 22:05:33 [INFO   ] ami_watchdog: ============================================================
2026-03-02 22:05:33 [INFO   ] ami_watchdog:   AMI Health Check — 2026-03-03 03:05:32 UTC
2026-03-02 22:05:33 [INFO   ] ami_watchdog:   Overall: ✓ OK
2026-03-02 22:05:33 [INFO   ] ami_watchdog: ============================================================
2026-03-02 22:05:33 [INFO   ] ami_watchdog:   ✓ edge_api......................       OK  TB Edge API reachable and auth working
2026-03-02 22:05:33 [INFO   ] ami_watchdog:   ✓ docker........................       OK  All containers healthy: tb-edge=Up 5 hours, tb-edge-postgres=Up 5 hours (healthy)
2026-03-02 22:05:33 [INFO   ] ami_watchdog:   ✓ device_connectivity...........       OK  Device online — active 0min ago
2026-03-02 22:05:33 [INFO   ] ami_watchdog:   ✓ telemetry.....................       OK  Telemetry fresh — voltage=123.0V (0.4min ago)
2026-03-02 22:05:33 [INFO   ] ami_watchdog:   ✓ lwm2m.........................       OK  LwM2M registered — Tesis-AMI / XIAO-ESP32-C6
2026-03-02 22:05:33 [INFO   ] ami_watchdog: ============================================================
2026-03-02 22:05:33 [DEBUG  ] ami_watchdog: Report saved: C:\Users\jsgir\Documents\ESP32\zephyrproject\ami-lwm2m-node\results\watchdog\reports\report_20260302_220533.json
2026-03-02 22:10:32 [DEBUG  ] ami_watchdog: Checking TB Edge API...
2026-03-02 22:10:32 [DEBUG  ] ami_watchdog: Checking Docker containers...
2026-03-02 22:10:33 [DEBUG  ] ami_watchdog: Checking device connectivity...
2026-03-02 22:10:33 [DEBUG  ] ami_watchdog: Checking telemetry freshness...
2026-03-02 22:10:33 [DEBUG  ] ami_watchdog: Checking LwM2M registration...
2026-03-02 22:10:33 [INFO   ] ami_watchdog: ============================================================
2026-03-02 22:10:33 [INFO   ] ami_watchdog:   AMI Health Check — 2026-03-03 03:10:32 UTC
2026-03-02 22:10:33 [INFO   ] ami_watchdog:   Overall: ✓ OK
2026-03-02 22:10:33 [INFO   ] ami_watchdog: ============================================================
2026-03-02 22:10:33 [INFO   ] ami_watchdog:   ✓ edge_api......................       OK  TB Edge API reachable and auth working
2026-03-02 22:10:33 [INFO   ] ami_watchdog:   ✓ docker........................       OK  All containers healthy: tb-edge=Up 5 hours, tb-edge-postgres=Up 5 hours (healthy)
2026-03-02 22:10:33 [INFO   ] ami_watchdog:   ✓ device_connectivity...........       OK  Device online — active 0min ago
2026-03-02 22:10:33 [INFO   ] ami_watchdog:   ✓ telemetry.....................       OK  Telemetry fresh — voltage=123.17999999999999V (0.3min ago)
2026-03-02 22:10:33 [INFO   ] ami_watchdog:   ✓ lwm2m.........................       OK  LwM2M registered — Tesis-AMI / XIAO-ESP32-C6
2026-03-02 22:10:33 [INFO   ] ami_watchdog: ============================================================
2026-03-02 22:10:33 [DEBUG  ] ami_watchdog: Report saved: C:\Users\jsgir\Documents\ESP32\zephyrproject\ami-lwm2m-node\results\watchdog\reports\report_20260302_221033.json
2026-03-02 22:15:32 [DEBUG  ] ami_watchdog: Checking TB Edge API...
2026-03-02 22:15:32 [DEBUG  ] ami_watchdog: Checking Docker containers...
2026-03-02 22:15:33 [DEBUG  ] ami_watchdog: Checking device connectivity...
2026-03-02 22:15:33 [DEBUG  ] ami_watchdog: Checking telemetry freshness...
2026-03-02 22:15:33 [DEBUG  ] ami_watchdog: Checking LwM2M registration...
2026-03-02 22:15:33 [INFO   ] ami_watchdog: ============================================================
2026-03-02 22:15:33 [INFO   ] ami_watchdog:   AMI Health Check — 2026-03-03 03:15:32 UTC
2026-03-02 22:15:33 [INFO   ] ami_watchdog:   Overall: ✓ OK
2026-03-02 22:15:33 [INFO   ] ami_watchdog: ============================================================
2026-03-02 22:15:33 [INFO   ] ami_watchdog:   ✓ edge_api......................       OK  TB Edge API reachable and auth working
2026-03-02 22:15:33 [INFO   ] ami_watchdog:   ✓ docker........................       OK  All containers healthy: tb-edge=Up 5 hours, tb-edge-postgres=Up 5 hours (healthy)
2026-03-02 22:15:33 [INFO   ] ami_watchdog:   ✓ device_connectivity...........       OK  Device online — active 0min ago
2026-03-02 22:15:33 [INFO   ] ami_watchdog:   ✓ telemetry.....................       OK  Telemetry fresh — voltage=122.44V (0.1min ago)
2026-03-02 22:15:33 [INFO   ] ami_watchdog:   ✓ lwm2m.........................       OK  LwM2M registered — Tesis-AMI / XIAO-ESP32-C6
2026-03-02 22:15:33 [INFO   ] ami_watchdog: ============================================================
2026-03-02 22:15:33 [DEBUG  ] ami_watchdog: Report saved: C:\Users\jsgir\Documents\ESP32\zephyrproject\ami-lwm2m-node\results\watchdog\reports\report_20260302_221533.json
2026-03-02 22:20:32 [DEBUG  ] ami_watchdog: Checking TB Edge API...
2026-03-02 22:20:32 [DEBUG  ] ami_watchdog: Checking Docker containers...
2026-03-02 22:20:33 [DEBUG  ] ami_watchdog: Checking device connectivity...
2026-03-02 22:20:33 [DEBUG  ] ami_watchdog: Checking telemetry freshness...
2026-03-02 22:20:33 [DEBUG  ] ami_watchdog: Checking LwM2M registration...
2026-03-02 22:20:33 [INFO   ] ami_watchdog: ============================================================
2026-03-02 22:20:33 [INFO   ] ami_watchdog:   AMI Health Check — 2026-03-03 03:20:32 UTC
2026-03-02 22:20:33 [INFO   ] ami_watchdog:   Overall: ✓ OK
2026-03-02 22:20:33 [INFO   ] ami_watchdog: ============================================================
2026-03-02 22:20:33 [INFO   ] ami_watchdog:   ✓ edge_api......................       OK  TB Edge API reachable and auth working
2026-03-02 22:20:33 [INFO   ] ami_watchdog:   ✓ docker........................       OK  All containers healthy: tb-edge=Up 5 hours, tb-edge-postgres=Up 5 hours (healthy)
2026-03-02 22:20:33 [INFO   ] ami_watchdog:   ✓ device_connectivity...........       OK  Device online — active 0min ago
2026-03-02 22:20:33 [INFO   ] ami_watchdog:   ✓ telemetry.....................       OK  Telemetry fresh — voltage=122.58V (0.4min ago)
2026-03-02 22:20:33 [INFO   ] ami_watchdog:   ✓ lwm2m.........................       OK  LwM2M registered — Tesis-AMI / XIAO-ESP32-C6
2026-03-02 22:20:33 [INFO   ] ami_watchdog: ============================================================
2026-03-02 22:20:33 [DEBUG  ] ami_watchdog: Report saved: C:\Users\jsgir\Documents\ESP32\zephyrproject\ami-lwm2m-node\results\watchdog\reports\report_20260302_222033.json
2026-03-02 22:25:32 [DEBUG  ] ami_watchdog: Checking TB Edge API...
2026-03-02 22:25:32 [DEBUG  ] ami_watchdog: Checking Docker containers...
2026-03-02 22:25:33 [DEBUG  ] ami_watchdog: Checking device connectivity...
2026-03-02 22:25:33 [DEBUG  ] ami_watchdog: Checking telemetry freshness...
2026-03-02 22:25:33 [DEBUG  ] ami_watchdog: Checking LwM2M registration...
2026-03-02 22:25:33 [INFO   ] ami_watchdog: ============================================================
2026-03-02 22:25:33 [INFO   ] ami_watchdog:   AMI Health Check — 2026-03-03 03:25:32 UTC
2026-03-02 22:25:33 [INFO   ] ami_watchdog:   Overall: ✓ OK
2026-03-02 22:25:33 [INFO   ] ami_watchdog: ============================================================
2026-03-02 22:25:33 [INFO   ] ami_watchdog:   ✓ edge_api......................       OK  TB Edge API reachable and auth working
2026-03-02 22:25:33 [INFO   ] ami_watchdog:   ✓ docker........................       OK  All containers healthy: tb-edge=Up 5 hours, tb-edge-postgres=Up 5 hours (healthy)
2026-03-02 22:25:33 [INFO   ] ami_watchdog:   ✓ device_connectivity...........       OK  Device online — active 0min ago
2026-03-02 22:25:33 [INFO   ] ami_watchdog:   ✓ telemetry.....................       OK  Telemetry fresh — voltage=122.97V (0.3min ago)
2026-03-02 22:25:33 [INFO   ] ami_watchdog:   ✓ lwm2m.........................       OK  LwM2M registered — Tesis-AMI / XIAO-ESP32-C6
2026-03-02 22:25:33 [INFO   ] ami_watchdog: ============================================================
2026-03-02 22:25:33 [DEBUG  ] ami_watchdog: Report saved: C:\Users\jsgir\Documents\ESP32\zephyrproject\ami-lwm2m-node\results\watchdog\reports\report_20260302_222533.json
2026-03-02 22:30:32 [DEBUG  ] ami_watchdog: Checking TB Edge API...
2026-03-02 22:30:32 [DEBUG  ] ami_watchdog: Checking Docker containers...
2026-03-02 22:30:33 [DEBUG  ] ami_watchdog: Checking device connectivity...
2026-03-02 22:30:33 [DEBUG  ] ami_watchdog: Checking telemetry freshness...
2026-03-02 22:30:33 [DEBUG  ] ami_watchdog: Checking LwM2M registration...
2026-03-02 22:30:33 [INFO   ] ami_watchdog: ============================================================
2026-03-02 22:30:33 [INFO   ] ami_watchdog:   AMI Health Check — 2026-03-03 03:30:32 UTC
2026-03-02 22:30:33 [INFO   ] ami_watchdog:   Overall: ✓ OK
2026-03-02 22:30:33 [INFO   ] ami_watchdog: ============================================================
2026-03-02 22:30:33 [INFO   ] ami_watchdog:   ✓ edge_api......................       OK  TB Edge API reachable and auth working
2026-03-02 22:30:33 [INFO   ] ami_watchdog:   ✓ docker........................       OK  All containers healthy: tb-edge=Up 5 hours, tb-edge-postgres=Up 5 hours (healthy)
2026-03-02 22:30:33 [INFO   ] ami_watchdog:   ✓ device_connectivity...........       OK  Device online — active 0min ago
2026-03-02 22:30:33 [INFO   ] ami_watchdog:   ✓ telemetry.....................       OK  Telemetry fresh — voltage=121.96000000000001V (0.0min ago)
2026-03-02 22:30:33 [INFO   ] ami_watchdog:   ✓ lwm2m.........................       OK  LwM2M registered — Tesis-AMI / XIAO-ESP32-C6
2026-03-02 22:30:33 [INFO   ] ami_watchdog: ============================================================
2026-03-02 22:30:33 [DEBUG  ] ami_watchdog: Report saved: C:\Users\jsgir\Documents\ESP32\zephyrproject\ami-lwm2m-node\results\watchdog\reports\report_20260302_223033.json
2026-03-02 22:35:32 [DEBUG  ] ami_watchdog: Checking TB Edge API...
2026-03-02 22:35:32 [DEBUG  ] ami_watchdog: Checking Docker containers...
2026-03-02 22:35:33 [DEBUG  ] ami_watchdog: Checking device connectivity...
2026-03-02 22:35:33 [DEBUG  ] ami_watchdog: Checking telemetry freshness...
2026-03-02 22:35:33 [DEBUG  ] ami_watchdog: Checking LwM2M registration...
2026-03-02 22:35:33 [INFO   ] ami_watchdog: ============================================================
2026-03-02 22:35:33 [INFO   ] ami_watchdog:   AMI Health Check — 2026-03-03 03:35:32 UTC
2026-03-02 22:35:33 [INFO   ] ami_watchdog:   Overall: ✓ OK
2026-03-02 22:35:33 [INFO   ] ami_watchdog: ============================================================
2026-03-02 22:35:33 [INFO   ] ami_watchdog:   ✓ edge_api......................       OK  TB Edge API reachable and auth working
2026-03-02 22:35:33 [INFO   ] ami_watchdog:   ✓ docker........................       OK  All containers healthy: tb-edge=Up 5 hours, tb-edge-postgres=Up 5 hours (healthy)
2026-03-02 22:35:33 [INFO   ] ami_watchdog:   ✓ device_connectivity...........       OK  Device online — active 0min ago
2026-03-02 22:35:33 [INFO   ] ami_watchdog:   ✓ telemetry.....................       OK  Telemetry fresh — voltage=122.67999999999999V (0.3min ago)
2026-03-02 22:35:33 [INFO   ] ami_watchdog:   ✓ lwm2m.........................       OK  LwM2M registered — Tesis-AMI / XIAO-ESP32-C6
2026-03-02 22:35:33 [INFO   ] ami_watchdog: ============================================================
2026-03-02 22:35:33 [DEBUG  ] ami_watchdog: Report saved: C:\Users\jsgir\Documents\ESP32\zephyrproject\ami-lwm2m-node\results\watchdog\reports\report_20260302_223533.json
2026-03-02 22:40:32 [DEBUG  ] ami_watchdog: Checking TB Edge API...
2026-03-02 22:40:33 [DEBUG  ] ami_watchdog: Checking Docker containers...
2026-03-02 22:40:33 [DEBUG  ] ami_watchdog: Checking device connectivity...
2026-03-02 22:40:33 [DEBUG  ] ami_watchdog: Checking telemetry freshness...
2026-03-02 22:40:33 [DEBUG  ] ami_watchdog: Checking LwM2M registration...
2026-03-02 22:40:33 [INFO   ] ami_watchdog: ============================================================
2026-03-02 22:40:33 [INFO   ] ami_watchdog:   AMI Health Check — 2026-03-03 03:40:32 UTC
2026-03-02 22:40:33 [INFO   ] ami_watchdog:   Overall: ✓ OK
2026-03-02 22:40:33 [INFO   ] ami_watchdog: ============================================================
2026-03-02 22:40:33 [INFO   ] ami_watchdog:   ✓ edge_api......................       OK  TB Edge API reachable and auth working
2026-03-02 22:40:33 [INFO   ] ami_watchdog:   ✓ docker........................       OK  All containers healthy: tb-edge=Up 5 hours, tb-edge-postgres=Up 5 hours (healthy)
2026-03-02 22:40:33 [INFO   ] ami_watchdog:   ✓ device_connectivity...........       OK  Device online — active 1min ago
2026-03-02 22:40:33 [INFO   ] ami_watchdog:   ✓ telemetry.....................       OK  Telemetry fresh — voltage=123.48V (1.4min ago)
2026-03-02 22:40:33 [INFO   ] ami_watchdog:   ✓ lwm2m.........................       OK  LwM2M registered — Tesis-AMI / XIAO-ESP32-C6
2026-03-02 22:40:33 [INFO   ] ami_watchdog: ============================================================
2026-03-02 22:40:33 [DEBUG  ] ami_watchdog: Report saved: C:\Users\jsgir\Documents\ESP32\zephyrproject\ami-lwm2m-node\results\watchdog\reports\report_20260302_224033.json
2026-03-02 22:45:32 [DEBUG  ] ami_watchdog: Checking TB Edge API...
2026-03-02 22:45:33 [DEBUG  ] ami_watchdog: Checking Docker containers...
2026-03-02 22:45:33 [DEBUG  ] ami_watchdog: Checking device connectivity...
2026-03-02 22:45:33 [DEBUG  ] ami_watchdog: Checking telemetry freshness...
2026-03-02 22:45:33 [DEBUG  ] ami_watchdog: Checking LwM2M registration...
2026-03-02 22:45:33 [INFO   ] ami_watchdog: ============================================================
2026-03-02 22:45:33 [INFO   ] ami_watchdog:   AMI Health Check — 2026-03-03 03:45:32 UTC
2026-03-02 22:45:33 [INFO   ] ami_watchdog:   Overall: ✓ OK
2026-03-02 22:45:33 [INFO   ] ami_watchdog: ============================================================
2026-03-02 22:45:33 [INFO   ] ami_watchdog:   ✓ edge_api......................       OK  TB Edge API reachable and auth working
2026-03-02 22:45:33 [INFO   ] ami_watchdog:   ✓ docker........................       OK  All containers healthy: tb-edge=Up 5 hours, tb-edge-postgres=Up 5 hours (healthy)
2026-03-02 22:45:33 [INFO   ] ami_watchdog:   ✓ device_connectivity...........       OK  Device online — active 1min ago
2026-03-02 22:45:33 [INFO   ] ami_watchdog:   ✓ telemetry.....................       OK  Telemetry fresh — voltage=123.13999999999999V (1.1min ago)
2026-03-02 22:45:33 [INFO   ] ami_watchdog:   ✓ lwm2m.........................       OK  LwM2M registered — Tesis-AMI / XIAO-ESP32-C6
2026-03-02 22:45:33 [INFO   ] ami_watchdog: ============================================================
2026-03-02 22:45:33 [DEBUG  ] ami_watchdog: Report saved: C:\Users\jsgir\Documents\ESP32\zephyrproject\ami-lwm2m-node\results\watchdog\reports\report_20260302_224533.json
2026-03-02 22:50:32 [DEBUG  ] ami_watchdog: Checking TB Edge API...
2026-03-02 22:50:33 [DEBUG  ] ami_watchdog: Checking Docker containers...
2026-03-02 22:50:33 [DEBUG  ] ami_watchdog: Checking device connectivity...
2026-03-02 22:50:33 [DEBUG  ] ami_watchdog: Checking telemetry freshness...
2026-03-02 22:50:33 [DEBUG  ] ami_watchdog: Checking LwM2M registration...
2026-03-02 22:50:33 [INFO   ] ami_watchdog: ============================================================
2026-03-02 22:50:33 [INFO   ] ami_watchdog:   AMI Health Check — 2026-03-03 03:50:32 UTC
2026-03-02 22:50:33 [INFO   ] ami_watchdog:   Overall: ✓ OK
2026-03-02 22:50:33 [INFO   ] ami_watchdog: ============================================================
2026-03-02 22:50:33 [INFO   ] ami_watchdog:   ✓ edge_api......................       OK  TB Edge API reachable and auth working
2026-03-02 22:50:33 [INFO   ] ami_watchdog:   ✓ docker........................       OK  All containers healthy: tb-edge=Up 5 hours, tb-edge-postgres=Up 5 hours (healthy)
2026-03-02 22:50:33 [INFO   ] ami_watchdog:   ✓ device_connectivity...........       OK  Device online — active 0min ago
2026-03-02 22:50:33 [INFO   ] ami_watchdog:   ✓ telemetry.....................       OK  Telemetry fresh — voltage=123.27V (0.5min ago)
2026-03-02 22:50:33 [INFO   ] ami_watchdog:   ✓ lwm2m.........................       OK  LwM2M registered — Tesis-AMI / XIAO-ESP32-C6
2026-03-02 22:50:33 [INFO   ] ami_watchdog: ============================================================
2026-03-02 22:50:33 [DEBUG  ] ami_watchdog: Report saved: C:\Users\jsgir\Documents\ESP32\zephyrproject\ami-lwm2m-node\results\watchdog\reports\report_20260302_225033.json
2026-03-02 22:55:32 [DEBUG  ] ami_watchdog: Checking TB Edge API...
2026-03-02 22:55:32 [DEBUG  ] ami_watchdog: Checking Docker containers...
2026-03-02 22:55:32 [DEBUG  ] ami_watchdog: Checking device connectivity...
2026-03-02 22:55:33 [DEBUG  ] ami_watchdog: Checking telemetry freshness...
2026-03-02 22:55:33 [DEBUG  ] ami_watchdog: Checking LwM2M registration...
2026-03-02 22:55:33 [INFO   ] ami_watchdog: ============================================================
2026-03-02 22:55:33 [INFO   ] ami_watchdog:   AMI Health Check — 2026-03-03 03:55:32 UTC
2026-03-02 22:55:33 [INFO   ] ami_watchdog:   Overall: ✓ OK
2026-03-02 22:55:33 [INFO   ] ami_watchdog: ============================================================
2026-03-02 22:55:33 [INFO   ] ami_watchdog:   ✓ edge_api......................       OK  TB Edge API reachable and auth working
2026-03-02 22:55:33 [INFO   ] ami_watchdog:   ✓ docker........................       OK  All containers healthy: tb-edge=Up 5 hours, tb-edge-postgres=Up 5 hours (healthy)
2026-03-02 22:55:33 [INFO   ] ami_watchdog:   ✓ device_connectivity...........       OK  Device online — active 0min ago
2026-03-02 22:55:33 [INFO   ] ami_watchdog:   ✓ telemetry.....................       OK  Telemetry fresh — voltage=123.66999999999999V (0.1min ago)
2026-03-02 22:55:33 [INFO   ] ami_watchdog:   ✓ lwm2m.........................       OK  LwM2M registered — Tesis-AMI / XIAO-ESP32-C6
2026-03-02 22:55:33 [INFO   ] ami_watchdog: ============================================================
2026-03-02 22:55:33 [DEBUG  ] ami_watchdog: Report saved: C:\Users\jsgir\Documents\ESP32\zephyrproject\ami-lwm2m-node\results\watchdog\reports\report_20260302_225533.json
2026-03-02 23:00:32 [DEBUG  ] ami_watchdog: Checking TB Edge API...
2026-03-02 23:00:32 [DEBUG  ] ami_watchdog: Checking Docker containers...
2026-03-02 23:00:32 [DEBUG  ] ami_watchdog: Checking device connectivity...
2026-03-02 23:00:33 [DEBUG  ] ami_watchdog: Checking telemetry freshness...
2026-03-02 23:00:33 [DEBUG  ] ami_watchdog: Checking LwM2M registration...
2026-03-02 23:00:33 [INFO   ] ami_watchdog: ============================================================
2026-03-02 23:00:33 [INFO   ] ami_watchdog:   AMI Health Check — 2026-03-03 04:00:32 UTC
2026-03-02 23:00:33 [INFO   ] ami_watchdog:   Overall: ✓ OK
2026-03-02 23:00:33 [INFO   ] ami_watchdog: ============================================================
2026-03-02 23:00:33 [INFO   ] ami_watchdog:   ✓ edge_api......................       OK  TB Edge API reachable and auth working
2026-03-02 23:00:33 [INFO   ] ami_watchdog:   ✓ docker........................       OK  All containers healthy: tb-edge=Up 6 hours, tb-edge-postgres=Up 6 hours (healthy)
2026-03-02 23:00:33 [INFO   ] ami_watchdog:   ✓ device_connectivity...........       OK  Device online — active 0min ago
2026-03-02 23:00:33 [INFO   ] ami_watchdog:   ✓ telemetry.....................       OK  Telemetry fresh — voltage=124.11999999999999V (0.0min ago)
2026-03-02 23:00:33 [INFO   ] ami_watchdog:   ✓ lwm2m.........................       OK  LwM2M registered — Tesis-AMI / XIAO-ESP32-C6
2026-03-02 23:00:33 [INFO   ] ami_watchdog: ============================================================
2026-03-02 23:00:33 [DEBUG  ] ami_watchdog: Report saved: C:\Users\jsgir\Documents\ESP32\zephyrproject\ami-lwm2m-node\results\watchdog\reports\report_20260302_230033.json
2026-03-02 23:05:32 [DEBUG  ] ami_watchdog: Checking TB Edge API...
2026-03-02 23:05:32 [DEBUG  ] ami_watchdog: Checking Docker containers...
2026-03-02 23:05:32 [DEBUG  ] ami_watchdog: Checking device connectivity...
2026-03-02 23:05:33 [DEBUG  ] ami_watchdog: Checking telemetry freshness...
2026-03-02 23:05:33 [DEBUG  ] ami_watchdog: Checking LwM2M registration...
2026-03-02 23:05:33 [INFO   ] ami_watchdog: ============================================================
2026-03-02 23:05:33 [INFO   ] ami_watchdog:   AMI Health Check — 2026-03-03 04:05:32 UTC
2026-03-02 23:05:33 [INFO   ] ami_watchdog:   Overall: ✓ OK
2026-03-02 23:05:33 [INFO   ] ami_watchdog: ============================================================
2026-03-02 23:05:33 [INFO   ] ami_watchdog:   ✓ edge_api......................       OK  TB Edge API reachable and auth working
2026-03-02 23:05:33 [INFO   ] ami_watchdog:   ✓ docker........................       OK  All containers healthy: tb-edge=Up 6 hours, tb-edge-postgres=Up 6 hours (healthy)
2026-03-02 23:05:33 [INFO   ] ami_watchdog:   ✓ device_connectivity...........       OK  Device online — active 0min ago
2026-03-02 23:05:33 [INFO   ] ami_watchdog:   ✓ telemetry.....................       OK  Telemetry fresh — voltage=123.52999999999999V (0.4min ago)
2026-03-02 23:05:33 [INFO   ] ami_watchdog:   ✓ lwm2m.........................       OK  LwM2M registered — Tesis-AMI / XIAO-ESP32-C6
2026-03-02 23:05:33 [INFO   ] ami_watchdog: ============================================================
2026-03-02 23:05:33 [DEBUG  ] ami_watchdog: Report saved: C:\Users\jsgir\Documents\ESP32\zephyrproject\ami-lwm2m-node\results\watchdog\reports\report_20260302_230533.json
2026-03-02 23:10:32 [DEBUG  ] ami_watchdog: Checking TB Edge API...
2026-03-02 23:10:32 [DEBUG  ] ami_watchdog: Checking Docker containers...
2026-03-02 23:10:32 [DEBUG  ] ami_watchdog: Checking device connectivity...
2026-03-02 23:10:33 [DEBUG  ] ami_watchdog: Checking telemetry freshness...
2026-03-02 23:10:33 [DEBUG  ] ami_watchdog: Checking LwM2M registration...
2026-03-02 23:10:33 [INFO   ] ami_watchdog: ============================================================
2026-03-02 23:10:33 [INFO   ] ami_watchdog:   AMI Health Check — 2026-03-03 04:10:32 UTC
2026-03-02 23:10:33 [INFO   ] ami_watchdog:   Overall: ✓ OK
2026-03-02 23:10:33 [INFO   ] ami_watchdog: ============================================================
2026-03-02 23:10:33 [INFO   ] ami_watchdog:   ✓ edge_api......................       OK  TB Edge API reachable and auth working
2026-03-02 23:10:33 [INFO   ] ami_watchdog:   ✓ docker........................       OK  All containers healthy: tb-edge=Up 6 hours, tb-edge-postgres=Up 6 hours (healthy)
2026-03-02 23:10:33 [INFO   ] ami_watchdog:   ✓ device_connectivity...........       OK  Device online — active 0min ago
2026-03-02 23:10:33 [INFO   ] ami_watchdog:   ✓ telemetry.....................       OK  Telemetry fresh — voltage=123.42999999999999V (0.2min ago)
2026-03-02 23:10:33 [INFO   ] ami_watchdog:   ✓ lwm2m.........................       OK  LwM2M registered — Tesis-AMI / XIAO-ESP32-C6
2026-03-02 23:10:33 [INFO   ] ami_watchdog: ============================================================
2026-03-02 23:10:33 [DEBUG  ] ami_watchdog: Report saved: C:\Users\jsgir\Documents\ESP32\zephyrproject\ami-lwm2m-node\results\watchdog\reports\report_20260302_231033.json
2026-03-02 23:15:32 [DEBUG  ] ami_watchdog: Checking TB Edge API...
2026-03-02 23:15:32 [DEBUG  ] ami_watchdog: Checking Docker containers...
2026-03-02 23:15:32 [DEBUG  ] ami_watchdog: Checking device connectivity...
2026-03-02 23:15:33 [DEBUG  ] ami_watchdog: Checking telemetry freshness...
2026-03-02 23:15:33 [DEBUG  ] ami_watchdog: Checking LwM2M registration...
2026-03-02 23:15:33 [INFO   ] ami_watchdog: ============================================================
2026-03-02 23:15:33 [INFO   ] ami_watchdog:   AMI Health Check — 2026-03-03 04:15:32 UTC
2026-03-02 23:15:33 [INFO   ] ami_watchdog:   Overall: ✓ OK
2026-03-02 23:15:33 [INFO   ] ami_watchdog: ============================================================
2026-03-02 23:15:33 [INFO   ] ami_watchdog:   ✓ edge_api......................       OK  TB Edge API reachable and auth working
2026-03-02 23:15:33 [INFO   ] ami_watchdog:   ✓ docker........................       OK  All containers healthy: tb-edge=Up 6 hours, tb-edge-postgres=Up 6 hours (healthy)
2026-03-02 23:15:33 [INFO   ] ami_watchdog:   ✓ device_connectivity...........       OK  Device online — active 0min ago
2026-03-02 23:15:33 [INFO   ] ami_watchdog:   ✓ telemetry.....................       OK  Telemetry fresh — voltage=124.57V (0.0min ago)
2026-03-02 23:15:33 [INFO   ] ami_watchdog:   ✓ lwm2m.........................       OK  LwM2M registered — Tesis-AMI / XIAO-ESP32-C6
2026-03-02 23:15:33 [INFO   ] ami_watchdog: ============================================================
2026-03-02 23:15:33 [DEBUG  ] ami_watchdog: Report saved: C:\Users\jsgir\Documents\ESP32\zephyrproject\ami-lwm2m-node\results\watchdog\reports\report_20260302_231533.json
2026-03-02 23:20:32 [DEBUG  ] ami_watchdog: Checking TB Edge API...
2026-03-02 23:20:32 [DEBUG  ] ami_watchdog: Checking Docker containers...
2026-03-02 23:20:33 [DEBUG  ] ami_watchdog: Checking device connectivity...
2026-03-02 23:20:33 [DEBUG  ] ami_watchdog: Checking telemetry freshness...
2026-03-02 23:20:33 [DEBUG  ] ami_watchdog: Checking LwM2M registration...
2026-03-02 23:20:33 [INFO   ] ami_watchdog: ============================================================
2026-03-02 23:20:33 [INFO   ] ami_watchdog:   AMI Health Check — 2026-03-03 04:20:32 UTC
2026-03-02 23:20:33 [INFO   ] ami_watchdog:   Overall: ✓ OK
2026-03-02 23:20:33 [INFO   ] ami_watchdog: ============================================================
2026-03-02 23:20:33 [INFO   ] ami_watchdog:   ✓ edge_api......................       OK  TB Edge API reachable and auth working
2026-03-02 23:20:33 [INFO   ] ami_watchdog:   ✓ docker........................       OK  All containers healthy: tb-edge=Up 6 hours, tb-edge-postgres=Up 6 hours (healthy)
2026-03-02 23:20:33 [INFO   ] ami_watchdog:   ✓ device_connectivity...........       OK  Device online — active 0min ago
2026-03-02 23:20:33 [INFO   ] ami_watchdog:   ✓ telemetry.....................       OK  Telemetry fresh — voltage=124.31V (0.3min ago)
2026-03-02 23:20:33 [INFO   ] ami_watchdog:   ✓ lwm2m.........................       OK  LwM2M registered — Tesis-AMI / XIAO-ESP32-C6
2026-03-02 23:20:33 [INFO   ] ami_watchdog: ============================================================
2026-03-02 23:20:33 [DEBUG  ] ami_watchdog: Report saved: C:\Users\jsgir\Documents\ESP32\zephyrproject\ami-lwm2m-node\results\watchdog\reports\report_20260302_232033.json
2026-03-02 23:25:32 [DEBUG  ] ami_watchdog: Checking TB Edge API...
2026-03-02 23:25:32 [DEBUG  ] ami_watchdog: Checking Docker containers...
2026-03-02 23:25:32 [DEBUG  ] ami_watchdog: Checking device connectivity...
2026-03-02 23:25:33 [DEBUG  ] ami_watchdog: Checking telemetry freshness...
2026-03-02 23:25:33 [DEBUG  ] ami_watchdog: Checking LwM2M registration...
2026-03-02 23:25:33 [INFO   ] ami_watchdog: ============================================================
2026-03-02 23:25:33 [INFO   ] ami_watchdog:   AMI Health Check — 2026-03-03 04:25:32 UTC
2026-03-02 23:25:33 [INFO   ] ami_watchdog:   Overall: ✓ OK
2026-03-02 23:25:33 [INFO   ] ami_watchdog: ============================================================
2026-03-02 23:25:33 [INFO   ] ami_watchdog:   ✓ edge_api......................       OK  TB Edge API reachable and auth working
2026-03-02 23:25:33 [INFO   ] ami_watchdog:   ✓ docker........................       OK  All containers healthy: tb-edge=Up 6 hours, tb-edge-postgres=Up 6 hours (healthy)
2026-03-02 23:25:33 [INFO   ] ami_watchdog:   ✓ device_connectivity...........       OK  Device online — active 0min ago
2026-03-02 23:25:33 [INFO   ] ami_watchdog:   ✓ telemetry.....................       OK  Telemetry fresh — voltage=123.47V (0.2min ago)
2026-03-02 23:25:33 [INFO   ] ami_watchdog:   ✓ lwm2m.........................       OK  LwM2M registered — Tesis-AMI / XIAO-ESP32-C6
2026-03-02 23:25:33 [INFO   ] ami_watchdog: ============================================================
2026-03-02 23:25:33 [DEBUG  ] ami_watchdog: Report saved: C:\Users\jsgir\Documents\ESP32\zephyrproject\ami-lwm2m-node\results\watchdog\reports\report_20260302_232533.json
2026-03-02 23:30:32 [DEBUG  ] ami_watchdog: Checking TB Edge API...
2026-03-02 23:30:32 [DEBUG  ] ami_watchdog: Checking Docker containers...
2026-03-02 23:30:33 [DEBUG  ] ami_watchdog: Checking device connectivity...
2026-03-02 23:30:33 [DEBUG  ] ami_watchdog: Checking telemetry freshness...
2026-03-02 23:30:33 [DEBUG  ] ami_watchdog: Checking LwM2M registration...
2026-03-02 23:30:33 [INFO   ] ami_watchdog: ============================================================
2026-03-02 23:30:33 [INFO   ] ami_watchdog:   AMI Health Check — 2026-03-03 04:30:32 UTC
2026-03-02 23:30:33 [INFO   ] ami_watchdog:   Overall: ✓ OK
2026-03-02 23:30:33 [INFO   ] ami_watchdog: ============================================================
2026-03-02 23:30:33 [INFO   ] ami_watchdog:   ✓ edge_api......................       OK  TB Edge API reachable and auth working
2026-03-02 23:30:33 [INFO   ] ami_watchdog:   ✓ docker........................       OK  All containers healthy: tb-edge=Up 6 hours, tb-edge-postgres=Up 6 hours (healthy)
2026-03-02 23:30:33 [INFO   ] ami_watchdog:   ✓ device_connectivity...........       OK  Device online — active 0min ago
2026-03-02 23:30:33 [INFO   ] ami_watchdog:   ✓ telemetry.....................       OK  Telemetry fresh — voltage=124.18999999999998V (0.6min ago)
2026-03-02 23:30:33 [INFO   ] ami_watchdog:   ✓ lwm2m.........................       OK  LwM2M registered — Tesis-AMI / XIAO-ESP32-C6
2026-03-02 23:30:33 [INFO   ] ami_watchdog: ============================================================
2026-03-02 23:30:33 [DEBUG  ] ami_watchdog: Report saved: C:\Users\jsgir\Documents\ESP32\zephyrproject\ami-lwm2m-node\results\watchdog\reports\report_20260302_233033.json
2026-03-02 23:35:32 [DEBUG  ] ami_watchdog: Checking TB Edge API...
2026-03-02 23:35:32 [DEBUG  ] ami_watchdog: Checking Docker containers...
2026-03-02 23:35:33 [DEBUG  ] ami_watchdog: Checking device connectivity...
2026-03-02 23:35:33 [DEBUG  ] ami_watchdog: Checking telemetry freshness...
2026-03-02 23:35:33 [DEBUG  ] ami_watchdog: Checking LwM2M registration...
2026-03-02 23:35:33 [INFO   ] ami_watchdog: ============================================================
2026-03-02 23:35:33 [INFO   ] ami_watchdog:   AMI Health Check — 2026-03-03 04:35:32 UTC
2026-03-02 23:35:33 [INFO   ] ami_watchdog:   Overall: ✓ OK
2026-03-02 23:35:33 [INFO   ] ami_watchdog: ============================================================
2026-03-02 23:35:33 [INFO   ] ami_watchdog:   ✓ edge_api......................       OK  TB Edge API reachable and auth working
2026-03-02 23:35:33 [INFO   ] ami_watchdog:   ✓ docker........................       OK  All containers healthy: tb-edge=Up 6 hours, tb-edge-postgres=Up 6 hours (healthy)
2026-03-02 23:35:33 [INFO   ] ami_watchdog:   ✓ device_connectivity...........       OK  Device online — active 0min ago
2026-03-02 23:35:33 [INFO   ] ami_watchdog:   ✓ telemetry.....................       OK  Telemetry fresh — voltage=124.85V (0.2min ago)
2026-03-02 23:35:33 [INFO   ] ami_watchdog:   ✓ lwm2m.........................       OK  LwM2M registered — Tesis-AMI / XIAO-ESP32-C6
2026-03-02 23:35:33 [INFO   ] ami_watchdog: ============================================================
2026-03-02 23:35:33 [DEBUG  ] ami_watchdog: Report saved: C:\Users\jsgir\Documents\ESP32\zephyrproject\ami-lwm2m-node\results\watchdog\reports\report_20260302_233533.json
2026-03-02 23:40:32 [DEBUG  ] ami_watchdog: Checking TB Edge API...
2026-03-02 23:40:32 [DEBUG  ] ami_watchdog: Checking Docker containers...
2026-03-02 23:40:33 [DEBUG  ] ami_watchdog: Checking device connectivity...
2026-03-02 23:40:33 [DEBUG  ] ami_watchdog: Checking telemetry freshness...
2026-03-02 23:40:33 [DEBUG  ] ami_watchdog: Checking LwM2M registration...
2026-03-02 23:40:33 [INFO   ] ami_watchdog: ============================================================
2026-03-02 23:40:33 [INFO   ] ami_watchdog:   AMI Health Check — 2026-03-03 04:40:32 UTC
2026-03-02 23:40:33 [INFO   ] ami_watchdog:   Overall: ✓ OK
2026-03-02 23:40:33 [INFO   ] ami_watchdog: ============================================================
2026-03-02 23:40:33 [INFO   ] ami_watchdog:   ✓ edge_api......................       OK  TB Edge API reachable and auth working
2026-03-02 23:40:33 [INFO   ] ami_watchdog:   ✓ docker........................       OK  All containers healthy: tb-edge=Up 6 hours, tb-edge-postgres=Up 6 hours (healthy)
2026-03-02 23:40:33 [INFO   ] ami_watchdog:   ✓ device_connectivity...........       OK  Device online — active 0min ago
2026-03-02 23:40:33 [INFO   ] ami_watchdog:   ✓ telemetry.....................       OK  Telemetry fresh — voltage=123.97V (0.0min ago)
2026-03-02 23:40:33 [INFO   ] ami_watchdog:   ✓ lwm2m.........................       OK  LwM2M registered — Tesis-AMI / XIAO-ESP32-C6
2026-03-02 23:40:33 [INFO   ] ami_watchdog: ============================================================
2026-03-02 23:40:33 [DEBUG  ] ami_watchdog: Report saved: C:\Users\jsgir\Documents\ESP32\zephyrproject\ami-lwm2m-node\results\watchdog\reports\report_20260302_234033.json
2026-03-02 23:45:32 [DEBUG  ] ami_watchdog: Checking TB Edge API...
2026-03-02 23:45:32 [DEBUG  ] ami_watchdog: Checking Docker containers...
2026-03-02 23:45:33 [DEBUG  ] ami_watchdog: Checking device connectivity...
2026-03-02 23:45:33 [DEBUG  ] ami_watchdog: Checking telemetry freshness...
2026-03-02 23:45:33 [DEBUG  ] ami_watchdog: Checking LwM2M registration...
2026-03-02 23:45:33 [INFO   ] ami_watchdog: ============================================================
2026-03-02 23:45:33 [INFO   ] ami_watchdog:   AMI Health Check — 2026-03-03 04:45:32 UTC
2026-03-02 23:45:33 [INFO   ] ami_watchdog:   Overall: ✓ OK
2026-03-02 23:45:33 [INFO   ] ami_watchdog: ============================================================
2026-03-02 23:45:33 [INFO   ] ami_watchdog:   ✓ edge_api......................       OK  TB Edge API reachable and auth working
2026-03-02 23:45:33 [INFO   ] ami_watchdog:   ✓ docker........................       OK  All containers healthy: tb-edge=Up 6 hours, tb-edge-postgres=Up 6 hours (healthy)
2026-03-02 23:45:33 [INFO   ] ami_watchdog:   ✓ device_connectivity...........       OK  Device online — active 0min ago
2026-03-02 23:45:33 [INFO   ] ami_watchdog:   ✓ telemetry.....................       OK  Telemetry fresh — voltage=124.79999999999998V (0.5min ago)
2026-03-02 23:45:33 [INFO   ] ami_watchdog:   ✓ lwm2m.........................       OK  LwM2M registered — Tesis-AMI / XIAO-ESP32-C6
2026-03-02 23:45:33 [INFO   ] ami_watchdog: ============================================================
2026-03-02 23:45:33 [DEBUG  ] ami_watchdog: Report saved: C:\Users\jsgir\Documents\ESP32\zephyrproject\ami-lwm2m-node\results\watchdog\reports\report_20260302_234533.json
2026-03-02 23:50:32 [DEBUG  ] ami_watchdog: Checking TB Edge API...
2026-03-02 23:50:32 [DEBUG  ] ami_watchdog: Checking Docker containers...
2026-03-02 23:50:33 [DEBUG  ] ami_watchdog: Checking device connectivity...
2026-03-02 23:50:33 [DEBUG  ] ami_watchdog: Checking telemetry freshness...
2026-03-02 23:50:33 [DEBUG  ] ami_watchdog: Checking LwM2M registration...
2026-03-02 23:50:33 [INFO   ] ami_watchdog: ============================================================
2026-03-02 23:50:33 [INFO   ] ami_watchdog:   AMI Health Check — 2026-03-03 04:50:32 UTC
2026-03-02 23:50:33 [INFO   ] ami_watchdog:   Overall: ✓ OK
2026-03-02 23:50:33 [INFO   ] ami_watchdog: ============================================================
2026-03-02 23:50:33 [INFO   ] ami_watchdog:   ✓ edge_api......................       OK  TB Edge API reachable and auth working
2026-03-02 23:50:33 [INFO   ] ami_watchdog:   ✓ docker........................       OK  All containers healthy: tb-edge=Up 6 hours, tb-edge-postgres=Up 6 hours (healthy)
2026-03-02 23:50:33 [INFO   ] ami_watchdog:   ✓ device_connectivity...........       OK  Device online — active 0min ago
2026-03-02 23:50:33 [INFO   ] ami_watchdog:   ✓ telemetry.....................       OK  Telemetry fresh — voltage=124.72V (0.9min ago)
2026-03-02 23:50:33 [INFO   ] ami_watchdog:   ✓ lwm2m.........................       OK  LwM2M registered — Tesis-AMI / XIAO-ESP32-C6
2026-03-02 23:50:33 [INFO   ] ami_watchdog: ============================================================
2026-03-02 23:50:33 [DEBUG  ] ami_watchdog: Report saved: C:\Users\jsgir\Documents\ESP32\zephyrproject\ami-lwm2m-node\results\watchdog\reports\report_20260302_235033.json
2026-03-02 23:55:32 [DEBUG  ] ami_watchdog: Checking TB Edge API...
2026-03-02 23:55:32 [DEBUG  ] ami_watchdog: Checking Docker containers...
2026-03-02 23:55:33 [DEBUG  ] ami_watchdog: Checking device connectivity...
2026-03-02 23:55:33 [DEBUG  ] ami_watchdog: Checking telemetry freshness...
2026-03-02 23:55:33 [DEBUG  ] ami_watchdog: Checking LwM2M registration...
2026-03-02 23:55:33 [INFO   ] ami_watchdog: ============================================================
2026-03-02 23:55:33 [INFO   ] ami_watchdog:   AMI Health Check — 2026-03-03 04:55:32 UTC
2026-03-02 23:55:33 [INFO   ] ami_watchdog:   Overall: ✓ OK
2026-03-02 23:55:33 [INFO   ] ami_watchdog: ============================================================
2026-03-02 23:55:33 [INFO   ] ami_watchdog:   ✓ edge_api......................       OK  TB Edge API reachable and auth working
2026-03-02 23:55:33 [INFO   ] ami_watchdog:   ✓ docker........................       OK  All containers healthy: tb-edge=Up 6 hours, tb-edge-postgres=Up 6 hours (healthy)
2026-03-02 23:55:33 [INFO   ] ami_watchdog:   ✓ device_connectivity...........       OK  Device online — active 0min ago
2026-03-02 23:55:33 [INFO   ] ami_watchdog:   ✓ telemetry.....................       OK  Telemetry fresh — voltage=124.49000000000001V (0.0min ago)
2026-03-02 23:55:33 [INFO   ] ami_watchdog:   ✓ lwm2m.........................       OK  LwM2M registered — Tesis-AMI / XIAO-ESP32-C6
2026-03-02 23:55:33 [INFO   ] ami_watchdog: ============================================================
2026-03-02 23:55:33 [DEBUG  ] ami_watchdog: Report saved: C:\Users\jsgir\Documents\ESP32\zephyrproject\ami-lwm2m-node\results\watchdog\reports\report_20260302_235533.json
