2026-03-03 00:00:32 [DEBUG  ] ami_watchdog: Checking TB Edge API...
2026-03-03 00:00:32 [DEBUG  ] ami_watchdog: Checking Docker containers...
2026-03-03 00:00:33 [DEBUG  ] ami_watchdog: Checking device connectivity...
2026-03-03 00:00:33 [DEBUG  ] ami_watchdog: Checking telemetry freshness...
2026-03-03 00:00:33 [DEBUG  ] ami_watchdog: Checking LwM2M registration...
2026-03-03 00:00:33 [INFO   ] ami_watchdog: ============================================================
2026-03-03 00:00:33 [INFO   ] ami_watchdog:   AMI Health Check — 2026-03-03 05:00:32 UTC
2026-03-03 00:00:33 [INFO   ] ami_watchdog:   Overall: ✓ OK
2026-03-03 00:00:33 [INFO   ] ami_watchdog: ============================================================
2026-03-03 00:00:33 [INFO   ] ami_watchdog:   ✓ edge_api......................       OK  TB Edge API reachable and auth working
2026-03-03 00:00:33 [INFO   ] ami_watchdog:   ✓ docker........................       OK  All containers healthy: tb-edge=Up 7 hours, tb-edge-postgres=Up 7 hours (healthy)
2026-03-03 00:00:33 [INFO   ] ami_watchdog:   ✓ device_connectivity...........       OK  Device online — active 0min ago
2026-03-03 00:00:33 [INFO   ] ami_watchdog:   ✓ telemetry.....................       OK  Telemetry fresh — voltage=124.73V (0.2min ago)
2026-03-03 00:00:33 [INFO   ] ami_watchdog:   ✓ lwm2m.........................       OK  LwM2M registered — Tesis-AMI / XIAO-ESP32-C6
2026-03-03 00:00:33 [INFO   ] ami_watchdog: ============================================================
2026-03-03 00:00:33 [DEBUG  ] ami_watchdog: Report saved: C:\Users\jsgir\Documents\ESP32\zephyrproject\ami-lwm2m-node\results\watchdog\reports\report_20260303_000033.json
2026-03-03 00:05:32 [DEBUG  ] ami_watchdog: Checking TB Edge API...
2026-03-03 00:05:32 [DEBUG  ] ami_watchdog: Checking Docker containers...
2026-03-03 00:05:33 [DEBUG  ] ami_watchdog: Checking device connectivity...
2026-03-03 00:05:33 [DEBUG  ] ami_watchdog: Checking telemetry freshness...
2026-03-03 00:05:33 [DEBUG  ] ami_watchdog: Checking LwM2M registration...
2026-03-03 00:05:33 [INFO   ] ami_watchdog: ============================================================
2026-03-03 00:05:33 [INFO   ] ami_watchdog:   AMI Health Check — 2026-03-03 05:05:32 UTC
2026-03-03 00:05:33 [INFO   ] ami_watchdog:   Overall: ✓ OK
2026-03-03 00:05:33 [INFO   ] ami_watchdog: ============================================================
2026-03-03 00:05:33 [INFO   ] ami_watchdog:   ✓ edge_api......................       OK  TB Edge API reachable and auth working
2026-03-03 00:05:33 [INFO   ] ami_watchdog:   ✓ docker........................       OK  All containers healthy: tb-edge=Up 7 hours, tb-edge-postgres=Up 7 hours (healthy)
2026-03-03 00:05:33 [INFO   ] ami_watchdog:   ✓ device_connectivity...........       OK  Device online — active 0min ago
2026-03-03 00:05:33 [INFO   ] ami_watchdog:   ✓ telemetry.....................       OK  Telemetry fresh — voltage=125.00999999999999V (0.1min ago)
2026-03-03 00:05:33 [INFO   ] ami_watchdog:   ✓ lwm2m.........................       OK  LwM2M registered — Tesis-AMI / XIAO-ESP32-C6
2026-03-03 00:05:33 [INFO   ] ami_watchdog: ============================================================
2026-03-03 00:05:33 [DEBUG  ] ami_watchdog: Report saved: C:\Users\jsgir\Documents\ESP32\zephyrproject\ami-lwm2m-node\results\watchdog\reports\report_20260303_000533.json
2026-03-03 00:10:32 [DEBUG  ] ami_watchdog: Checking TB Edge API...
2026-03-03 00:10:32 [DEBUG  ] ami_watchdog: Checking Docker containers...
2026-03-03 00:10:32 [DEBUG  ] ami_watchdog: Checking device connectivity...
2026-03-03 00:10:33 [DEBUG  ] ami_watchdog: Checking telemetry freshness...
2026-03-03 00:10:33 [DEBUG  ] ami_watchdog: Checking LwM2M registration...
2026-03-03 00:10:33 [INFO   ] ami_watchdog: ============================================================
2026-03-03 00:10:33 [INFO   ] ami_watchdog:   AMI Health Check — 2026-03-03 05:10:32 UTC
2026-03-03 00:10:33 [INFO   ] ami_watchdog:   Overall: ✓ OK
2026-03-03 00:10:33 [INFO   ] ami_watchdog: ============================================================
2026-03-03 00:10:33 [INFO   ] ami_watchdog:   ✓ edge_api......................       OK  TB Edge API reachable and auth working
2026-03-03 00:10:33 [INFO   ] ami_watchdog:   ✓ docker........................       OK  All containers healthy: tb-edge=Up 7 hours, tb-edge-postgres=Up 7 hours (healthy)
2026-03-03 00:10:33 [INFO   ] ami_watchdog:   ✓ device_connectivity...........       OK  Device online — active 0min ago
2026-03-03 00:10:33 [INFO   ] ami_watchdog:   ✓ telemetry.....................       OK  Telemetry fresh — voltage=125.00999999999999V (0.1min ago)
2026-03-03 00:10:33 [INFO   ] ami_watchdog:   ✓ lwm2m.........................       OK  LwM2M registered — Tesis-AMI / XIAO-ESP32-C6
2026-03-03 00:10:33 [INFO   ] ami_watchdog: ============================================================
2026-03-03 00:10:33 [DEBUG  ] ami_watchdog: Report saved: C:\Users\jsgir\Documents\ESP32\zephyrproject\ami-lwm2m-node\results\watchdog\reports\report_20260303_001033.json
2026-03-03 00:15:32 [DEBUG  ] ami_watchdog: Checking TB Edge API...
2026-03-03 00:15:32 [DEBUG  ] ami_watchdog: Checking Docker containers...
2026-03-03 00:15:33 [DEBUG  ] ami_watchdog: Checking device connectivity...
2026-03-03 00:15:33 [DEBUG  ] ami_watchdog: Checking telemetry freshness...
2026-03-03 00:15:33 [DEBUG  ] ami_watchdog: Checking LwM2M registration...
2026-03-03 00:15:33 [INFO   ] ami_watchdog: ============================================================
2026-03-03 00:15:33 [INFO   ] ami_watchdog:   AMI Health Check — 2026-03-03 05:15:32 UTC
2026-03-03 00:15:33 [INFO   ] ami_watchdog:   Overall: ✓ OK
2026-03-03 00:15:33 [INFO   ] ami_watchdog: ============================================================
2026-03-03 00:15:33 [INFO   ] ami_watchdog:   ✓ edge_api......................       OK  TB Edge API reachable and auth working
2026-03-03 00:15:33 [INFO   ] ami_watchdog:   ✓ docker........................       OK  All containers healthy: tb-edge=Up 7 hours, tb-edge-postgres=Up 7 hours (healthy)
2026-03-03 00:15:33 [INFO   ] ami_watchdog:   ✓ device_connectivity...........       OK  Device online — active 0min ago
2026-03-03 00:15:33 [INFO   ] ami_watchdog:   ✓ telemetry.....................       OK  Telemetry fresh — voltage=125.55999999999999V (0.5min ago)
2026-03-03 00:15:33 [INFO   ] ami_watchdog:   ✓ lwm2m.........................       OK  LwM2M registered — Tesis-AMI / XIAO-ESP32-C6
2026-03-03 00:15:33 [INFO   ] ami_watchdog: ============================================================
2026-03-03 00:15:33 [DEBUG  ] ami_watchdog: Report saved: C:\Users\jsgir\Documents\ESP32\zephyrproject\ami-lwm2m-node\results\watchdog\reports\report_20260303_001533.json
2026-03-03 00:20:32 [DEBUG  ] ami_watchdog: Checking TB Edge API...
2026-03-03 00:20:32 [DEBUG  ] ami_watchdog: Checking Docker containers...
2026-03-03 00:20:33 [DEBUG  ] ami_watchdog: Checking device connectivity...
2026-03-03 00:20:33 [DEBUG  ] ami_watchdog: Checking telemetry freshness...
2026-03-03 00:20:33 [DEBUG  ] ami_watchdog: Checking LwM2M registration...
2026-03-03 00:20:33 [INFO   ] ami_watchdog: ============================================================
2026-03-03 00:20:33 [INFO   ] ami_watchdog:   AMI Health Check — 2026-03-03 05:20:32 UTC
2026-03-03 00:20:33 [INFO   ] ami_watchdog:   Overall: ✓ OK
2026-03-03 00:20:33 [INFO   ] ami_watchdog: ============================================================
2026-03-03 00:20:33 [INFO   ] ami_watchdog:   ✓ edge_api......................       OK  TB Edge API reachable and auth working
2026-03-03 00:20:33 [INFO   ] ami_watchdog:   ✓ docker........................       OK  All containers healthy: tb-edge=Up 7 hours, tb-edge-postgres=Up 7 hours (healthy)
2026-03-03 00:20:33 [INFO   ] ami_watchdog:   ✓ device_connectivity...........       OK  Device online — active 0min ago
2026-03-03 00:20:33 [INFO   ] ami_watchdog:   ✓ telemetry.....................       OK  Telemetry fresh — voltage=124.93V (0.2min ago)
2026-03-03 00:20:33 [INFO   ] ami_watchdog:   ✓ lwm2m.........................       OK  LwM2M registered — Tesis-AMI / XIAO-ESP32-C6
2026-03-03 00:20:33 [INFO   ] ami_watchdog: ============================================================
2026-03-03 00:20:33 [DEBUG  ] ami_watchdog: Report saved: C:\Users\jsgir\Documents\ESP32\zephyrproject\ami-lwm2m-node\results\watchdog\reports\report_20260303_002033.json
2026-03-03 00:25:32 [DEBUG  ] ami_watchdog: Checking TB Edge API...
2026-03-03 00:25:32 [DEBUG  ] ami_watchdog: Checking Docker containers...
2026-03-03 00:25:33 [DEBUG  ] ami_watchdog: Checking device connectivity...
2026-03-03 00:25:33 [DEBUG  ] ami_watchdog: Checking telemetry freshness...
2026-03-03 00:25:33 [DEBUG  ] ami_watchdog: Checking LwM2M registration...
2026-03-03 00:25:33 [INFO   ] ami_watchdog: ============================================================
2026-03-03 00:25:33 [INFO   ] ami_watchdog:   AMI Health Check — 2026-03-03 05:25:32 UTC
2026-03-03 00:25:33 [INFO   ] ami_watchdog:   Overall: ✓ OK
2026-03-03 00:25:33 [INFO   ] ami_watchdog: ============================================================
2026-03-03 00:25:33 [INFO   ] ami_watchdog:   ✓ edge_api......................       OK  TB Edge API reachable and auth working
2026-03-03 00:25:33 [INFO   ] ami_watchdog:   ✓ docker........................       OK  All containers healthy: tb-edge=Up 7 hours, tb-edge-postgres=Up 7 hours (healthy)
2026-03-03 00:25:33 [INFO   ] ami_watchdog:   ✓ device_connectivity...........       OK  Device online — active 0min ago
2026-03-03 00:25:33 [INFO   ] ami_watchdog:   ✓ telemetry.....................       OK  Telemetry fresh — voltage=124.82V (0.0min ago)
2026-03-03 00:25:33 [INFO   ] ami_watchdog:   ✓ lwm2m.........................       OK  LwM2M registered — Tesis-AMI / XIAO-ESP32-C6
2026-03-03 00:25:33 [INFO   ] ami_watchdog: ============================================================
2026-03-03 00:25:33 [DEBUG  ] ami_watchdog: Report saved: C:\Users\jsgir\Documents\ESP32\zephyrproject\ami-lwm2m-node\results\watchdog\reports\report_20260303_002533.json
2026-03-03 00:30:32 [DEBUG  ] ami_watchdog: Checking TB Edge API...
2026-03-03 00:30:32 [DEBUG  ] ami_watchdog: Checking Docker containers...
2026-03-03 00:30:33 [DEBUG  ] ami_watchdog: Checking device connectivity...
2026-03-03 00:30:33 [DEBUG  ] ami_watchdog: Checking telemetry freshness...
2026-03-03 00:30:33 [DEBUG  ] ami_watchdog: Checking LwM2M registration...
2026-03-03 00:30:33 [INFO   ] ami_watchdog: ============================================================
2026-03-03 00:30:33 [INFO   ] ami_watchdog:   AMI Health Check — 2026-03-03 05:30:32 UTC
2026-03-03 00:30:33 [INFO   ] ami_watchdog:   Overall: ✓ OK
2026-03-03 00:30:33 [INFO   ] ami_watchdog: ============================================================
2026-03-03 00:30:33 [INFO   ] ami_watchdog:   ✓ edge_api......................       OK  TB Edge API reachable and auth working
2026-03-03 00:30:33 [INFO   ] ami_watchdog:   ✓ docker........................       OK  All containers healthy: tb-edge=Up 7 hours, tb-edge-postgres=Up 7 hours (healthy)
2026-03-03 00:30:33 [INFO   ] ami_watchdog:   ✓ device_connectivity...........       OK  Device online — active 0min ago
2026-03-03 00:30:33 [INFO   ] ami_watchdog:   ✓ telemetry.....................       OK  Telemetry fresh — voltage=125.35V (0.2min ago)
2026-03-03 00:30:33 [INFO   ] ami_watchdog:   ✓ lwm2m.........................       OK  LwM2M registered — Tesis-AMI / XIAO-ESP32-C6
2026-03-03 00:30:33 [INFO   ] ami_watchdog: ============================================================
2026-03-03 00:30:33 [DEBUG  ] ami_watchdog: Report saved: C:\Users\jsgir\Documents\ESP32\zephyrproject\ami-lwm2m-node\results\watchdog\reports\report_20260303_003033.json
2026-03-03 00:35:32 [DEBUG  ] ami_watchdog: Checking TB Edge API...
2026-03-03 00:35:33 [DEBUG  ] ami_watchdog: Checking Docker containers...
2026-03-03 00:35:33 [DEBUG  ] ami_watchdog: Checking device connectivity...
2026-03-03 00:35:33 [DEBUG  ] ami_watchdog: Checking telemetry freshness...
2026-03-03 00:35:33 [DEBUG  ] ami_watchdog: Checking LwM2M registration...
2026-03-03 00:35:33 [INFO   ] ami_watchdog: ============================================================
2026-03-03 00:35:33 [INFO   ] ami_watchdog:   AMI Health Check — 2026-03-03 05:35:32 UTC
2026-03-03 00:35:33 [INFO   ] ami_watchdog:   Overall: ✓ OK
2026-03-03 00:35:33 [INFO   ] ami_watchdog: ============================================================
2026-03-03 00:35:33 [INFO   ] ami_watchdog:   ✓ edge_api......................       OK  TB Edge API reachable and auth working
2026-03-03 00:35:33 [INFO   ] ami_watchdog:   ✓ docker........................       OK  All containers healthy: tb-edge=Up 7 hours, tb-edge-postgres=Up 7 hours (healthy)
2026-03-03 00:35:33 [INFO   ] ami_watchdog:   ✓ device_connectivity...........       OK  Device online — active 0min ago
2026-03-03 00:35:33 [INFO   ] ami_watchdog:   ✓ telemetry.....................       OK  Telemetry fresh — voltage=124.42999999999999V (0.1min ago)
2026-03-03 00:35:33 [INFO   ] ami_watchdog:   ✓ lwm2m.........................       OK  LwM2M registered — Tesis-AMI / XIAO-ESP32-C6
2026-03-03 00:35:33 [INFO   ] ami_watchdog: ============================================================
2026-03-03 00:35:33 [DEBUG  ] ami_watchdog: Report saved: C:\Users\jsgir\Documents\ESP32\zephyrproject\ami-lwm2m-node\results\watchdog\reports\report_20260303_003533.json
2026-03-03 00:40:32 [DEBUG  ] ami_watchdog: Checking TB Edge API...
2026-03-03 00:40:32 [DEBUG  ] ami_watchdog: Checking Docker containers...
2026-03-03 00:40:33 [DEBUG  ] ami_watchdog: Checking device connectivity...
2026-03-03 00:40:33 [DEBUG  ] ami_watchdog: Checking telemetry freshness...
2026-03-03 00:40:33 [DEBUG  ] ami_watchdog: Checking LwM2M registration...
2026-03-03 00:40:33 [INFO   ] ami_watchdog: ============================================================
2026-03-03 00:40:33 [INFO   ] ami_watchdog:   AMI Health Check — 2026-03-03 05:40:32 UTC
2026-03-03 00:40:33 [INFO   ] ami_watchdog:   Overall: ✓ OK
2026-03-03 00:40:33 [INFO   ] ami_watchdog: ============================================================
2026-03-03 00:40:33 [INFO   ] ami_watchdog:   ✓ edge_api......................       OK  TB Edge API reachable and auth working
2026-03-03 00:40:33 [INFO   ] ami_watchdog:   ✓ docker........................       OK  All containers healthy: tb-edge=Up 7 hours, tb-edge-postgres=Up 7 hours (healthy)
2026-03-03 00:40:33 [INFO   ] ami_watchdog:   ✓ device_connectivity...........       OK  Device online — active 0min ago
2026-03-03 00:40:33 [INFO   ] ami_watchdog:   ✓ telemetry.....................       OK  Telemetry fresh — voltage=126.13999999999999V (0.0min ago)
2026-03-03 00:40:33 [INFO   ] ami_watchdog:   ✓ lwm2m.........................       OK  LwM2M registered — Tesis-AMI / XIAO-ESP32-C6
2026-03-03 00:40:33 [INFO   ] ami_watchdog: ============================================================
2026-03-03 00:40:33 [DEBUG  ] ami_watchdog: Report saved: C:\Users\jsgir\Documents\ESP32\zephyrproject\ami-lwm2m-node\results\watchdog\reports\report_20260303_004033.json
